class Solution {
public:
 int expand(string s, int left, int right)
{
    int len = s.length();
    while (left >= 0 && right < len && s[left] == s[right])
        left --, right ++;
    return right - left - 1;
}
int longestPalindromeSubseq(string s)
{
    int len = s.length();
    int ln = 0;

    for (int i = 0; i < len; i++)
    {
        int res1 = expand(s, i, i);
        int res2 = expand(s, i, i + 1);

        if (max(res1, res2) > ln) {
            ln = max(res1, res2);
        }
    }
    return ln;
}

};